<?xml version="1.0" encoding="UTF-8"?>
<testng-results ignored="3" total="6" passed="2" failed="1" skipped="0">
  <reporter-output>
  </reporter-output>
  <suite started-at="2026-06-11T11:49:19 IST" name="Default suite" finished-at="2026-06-11T11:50:31 IST" duration-ms="71955">
    <groups>
    </groups>
    <test started-at="2026-06-11T11:49:19 IST" name="Default test" finished-at="2026-06-11T11:50:31 IST" duration-ms="71955">
      <class name="byKeywordDrivenFramework.SwagLabPage">
        <test-method is-config="true" signature="browserSetup()[pri:0, instance:byKeywordDrivenFramework.SwagLabPage@3af0a9da]" started-at="2026-06-11T11:49:19 IST" name="browserSetup" finished-at="2026-06-11T11:49:22 IST" duration-ms="2043" status="PASS">
          <reporter-output>
          </reporter-output>
        </test-method> <!-- browserSetup -->
        <test-method signature="login()[pri:1, instance:byKeywordDrivenFramework.SwagLabPage@3af0a9da]" started-at="2026-06-11T11:49:22 IST" name="login" finished-at="2026-06-11T11:49:23 IST" duration-ms="1084" status="PASS">
          <reporter-output>
          </reporter-output>
        </test-method> <!-- login -->
        <test-method signature="addItem()[pri:0, instance:byKeywordDrivenFramework.SwagLabPage@3af0a9da]" started-at="2026-06-11T11:49:26 IST" name="addItem" finished-at="2026-06-11T11:49:26 IST" depends-on-methods="byKeywordDrivenFramework.SwagLabPage.login" duration-ms="297" status="PASS">
          <reporter-output>
          </reporter-output>
        </test-method> <!-- addItem -->
        <test-method signature="cartOption()[pri:0, instance:byKeywordDrivenFramework.SwagLabPage@3af0a9da]" started-at="2026-06-11T11:49:28 IST" name="cartOption" finished-at="2026-06-11T11:50:29 IST" depends-on-methods="byKeywordDrivenFramework.SwagLabPage.addItem" duration-ms="60173" status="FAIL">
          <exception class="org.openqa.selenium.TimeoutException">
            <message>
              <![CDATA[Expected condition failed: Element is not present within given time (tried for 60 second(s) with 500 milliseconds interval)
Build info: version: '4.28.1', revision: '73f5ad48a2'
System info: os.name: 'Windows 10', os.arch: 'amd64', os.version: '10.0', java.version: '23.0.2'
Driver info: driver.version: unknown]]>
            </message>
            <full-stacktrace>
              <![CDATA[org.openqa.selenium.TimeoutException: Expected condition failed: Element is not present within given time (tried for 60 second(s) with 500 milliseconds interval)
Build info: version: '4.28.1', revision: '73f5ad48a2'
System info: os.name: 'Windows 10', os.arch: 'amd64', os.version: '10.0', java.version: '23.0.2'
Driver info: driver.version: unknown
at org.openqa.selenium.support.ui.FluentWait.timeoutException(FluentWait.java:265)
at org.openqa.selenium.support.ui.FluentWait.until(FluentWait.java:228)
at utility.Keywords.fluentWait(Keywords.java:83)
at byKeywordDrivenFramework.SwagLabPage.cartOption(SwagLabPage.java:51)
at java.base/jdk.internal.reflect.DirectMethodHandleAccessor.invoke(DirectMethodHandleAccessor.java:103)
at java.base/java.lang.reflect.Method.invoke(Method.java:580)
at org.testng.internal.invokers.MethodInvocationHelper.invokeMethod(MethodInvocationHelper.java:141)
at org.testng.internal.invokers.TestInvoker.invokeMethod(TestInvoker.java:687)
at org.testng.internal.invokers.TestInvoker.invokeTestMethod(TestInvoker.java:230)
at org.testng.internal.invokers.MethodRunner.runInSequence(MethodRunner.java:63)
at org.testng.internal.invokers.TestInvoker$MethodInvocationAgent.invoke(TestInvoker.java:995)
at org.testng.internal.invokers.TestInvoker.invokeTestMethods(TestInvoker.java:203)
at org.testng.internal.invokers.TestMethodWorker.invokeTestMethods(TestMethodWorker.java:154)
at org.testng.internal.invokers.TestMethodWorker.run(TestMethodWorker.java:134)
at java.base/java.util.ArrayList.forEach(ArrayList.java:1597)
at org.testng.TestRunner.privateRun(TestRunner.java:741)
at org.testng.TestRunner.run(TestRunner.java:616)
at org.testng.SuiteRunner.runTest(SuiteRunner.java:421)
at org.testng.SuiteRunner.runSequentially(SuiteRunner.java:413)
at org.testng.SuiteRunner.privateRun(SuiteRunner.java:373)
at org.testng.SuiteRunner.run(SuiteRunner.java:312)
at org.testng.SuiteRunnerWorker.runSuite(SuiteRunnerWorker.java:52)
at org.testng.SuiteRunnerWorker.run(SuiteRunnerWorker.java:95)
at org.testng.TestNG.runSuitesSequentially(TestNG.java:1274)
at org.testng.TestNG.runSuitesLocally(TestNG.java:1208)
at org.testng.TestNG.runSuites(TestNG.java:1112)
at org.testng.TestNG.run(TestNG.java:1079)
at org.testng.remote.AbstractRemoteTestNG.run(AbstractRemoteTestNG.java:115)
at org.testng.remote.RemoteTestNG.initAndRun(RemoteTestNG.java:293)
at org.testng.remote.RemoteTestNG.main(RemoteTestNG.java:91)
]]>
            </full-stacktrace>
          </exception> <!-- org.openqa.selenium.TimeoutException -->
          <reporter-output>
          </reporter-output>
        </test-method> <!-- cartOption -->
        <test-method is-config="true" signature="tearDown()[pri:0, instance:byKeywordDrivenFramework.SwagLabPage@3af0a9da]" started-at="2026-06-11T11:50:31 IST" name="tearDown" finished-at="2026-06-11T11:50:31 IST" duration-ms="297" status="PASS">
          <reporter-output>
          </reporter-output>
        </test-method> <!-- tearDown -->
      </class> <!-- byKeywordDrivenFramework.SwagLabPage -->
    </test> <!-- Default test -->
  </suite> <!-- Default suite -->
</testng-results>
