<?xml version="1.0" encoding="UTF-8"?>
<!-- Generated by org.testng.reporters.JUnitXMLReporter -->
<testsuite ignored="0" hostname="DESKTOP-S3JI7PS" failures="1" tests="6" name="Chrome Test" time="72.588" errors="0" timestamp="2026-06-10T15:30:08 IST">
  <testcase classname="byKeywordDrivenFramework.SwagLabPage" name="login" time="1.069"/>
  <testcase classname="byKeywordDrivenFramework.SwagLabPage" name="addItem" time="0.283"/>
  <testcase classname="byKeywordDrivenFramework.SwagLabPage" name="cartOption" time="60.326">
    <failure type="org.openqa.selenium.TimeoutException" message="Expected condition failed: Element is not present within given time (tried for 60 second(s) with 500 milliseconds interval)
Build info: version: &amp;apos;4.28.1&amp;apos;, revision: &amp;apos;73f5ad48a2&amp;apos;
System info: os.name: &amp;apos;Windows 10&amp;apos;, os.arch: &amp;apos;amd64&amp;apos;, os.version: &amp;apos;10.0&amp;apos;, java.version: &amp;apos;23.0.2&amp;apos;
Driver info: driver.version: unknown">
      <![CDATA[org.openqa.selenium.TimeoutException: Expected condition failed: Element is not present within given time (tried for 60 second(s) with 500 milliseconds interval)
Build info: version: '4.28.1', revision: '73f5ad48a2'
System info: os.name: 'Windows 10', os.arch: 'amd64', os.version: '10.0', java.version: '23.0.2'
Driver info: driver.version: unknown
at org.openqa.selenium.support.ui.FluentWait.timeoutException(FluentWait.java:265)
at org.openqa.selenium.support.ui.FluentWait.until(FluentWait.java:228)
at utility.Keywords.fluentWait(Keywords.java:83)
at byKeywordDrivenFramework.SwagLabPage.cartOption(SwagLabPage.java:49)
at java.base/java.util.ArrayList.forEach(ArrayList.java:1597)
... Removed 25 stack frames]]>
    </failure>
  </testcase> <!-- cartOption -->
  <testcase classname="byKeywordDrivenFramework.SwagLabPage" name="checkoutOption" time="0.001">
    <skipped/>
  </testcase> <!-- checkoutOption -->
  <testcase classname="byKeywordDrivenFramework.SwagLabPage" name="finishBtn" time="0.0">
    <skipped/>
  </testcase> <!-- finishBtn -->
  <testcase classname="byKeywordDrivenFramework.SwagLabPage" name="thankYouText" time="0.0">
    <skipped/>
  </testcase> <!-- thankYouText -->
</testsuite> <!-- Chrome Test -->
